<?xml version="1.0" encoding="UTF-8"?>
<!-- Generated by org.testng.reporters.JUnitXMLReporter -->
<testsuite hostname="WKWIN6900800" ignored="0" name="Test" tests="3" failures="0" timestamp="14 Jun 2019 10:04:33 GMT" time="68.634" errors="0">
  <testcase name="bankinghomevalidation" time="23.175" classname="com.online.banking.testcases.AccountHomePageValidation"/>
  <testcase name="validlogin" time="18.275" classname="com.online.banking.testcases.LoginPagevalidation"/>
  <testcase name="invalidLogin" time="5.622" classname="com.online.banking.testcases.LoginPagevalidation"/>
</testsuite> <!-- Test -->
