<?xml version="1.0" encoding="UTF-8"?>
<!-- Generated by org.testng.reporters.JUnitXMLReporter -->
<testsuite hostname="WKWIN6900800" ignored="0" name="Validlogin" tests="1" failures="1" timestamp="13 Jun 2019 07:43:32 GMT" time="0.016" errors="0">
  <testcase name="logoValidation" time="0.0" classname="com.online.banking.testcases.LoginPagevalidation">
    <failure type="org.testng.TestNGException" message="
Cannot inject @Test annotated Method [logoValidation] with [class java.lang.String, class java.lang.String].
For more information on native dependency injection please refer to http://testng.org/doc/documentation-main.html#native-dependency-injection">
      <![CDATA[org.testng.TestNGException: 
Cannot inject @Test annotated Method [logoValidation] with [class java.lang.String, class java.lang.String].
For more information on native dependency injection please refer to http://testng.org/doc/documentation-main.html#native-dependency-injection
... Removed 24 stack frames]]>
    </failure>
  </testcase> <!-- logoValidation -->
</testsuite> <!-- Validlogin -->
