<?xml version="1.0" encoding="UTF-8"?>
<testng-results skipped="0" failed="0" ignored="0" total="1" passed="1">
  <reporter-output>
  </reporter-output>
  <suite name="Default suite" duration-ms="17612" started-at="2019-06-29T16:45:35Z" finished-at="2019-06-29T16:45:52Z">
    <groups>
    </groups>
    <test name="Default test" duration-ms="17612" started-at="2019-06-29T16:45:35Z" finished-at="2019-06-29T16:45:52Z">
      <class name="Selenium.Dropdown_FB">
        <test-method status="PASS" signature="dropdown()[pri:0, instance:Selenium.Dropdown_FB@548a9f61]" name="dropdown" duration-ms="17591" started-at="2019-06-29T16:45:35Z" finished-at="2019-06-29T16:45:52Z">
          <reporter-output>
          </reporter-output>
        </test-method> <!-- dropdown -->
      </class> <!-- Selenium.Dropdown_FB -->
    </test> <!-- Default test -->
  </suite> <!-- Default suite -->
</testng-results>
