<?xml version="1.0" encoding="UTF-8"?>
<testng-results skipped="0" failed="1" ignored="0" total="1" passed="0">
  <reporter-output>
  </reporter-output>
  <suite name="Default suite" duration-ms="52679" started-at="2019-05-14T07:34:49Z" finished-at="2019-05-14T07:35:42Z">
    <groups>
    </groups>
    <test name="Default test" duration-ms="52679" started-at="2019-05-14T07:34:49Z" finished-at="2019-05-14T07:35:42Z">
      <class name="Selenium.testNgdataprovioder">
        <test-method status="PASS" signature="setup()[pri:0, instance:Selenium.testNgdataprovioder@1224144a]" name="setup" is-config="true" duration-ms="52660" started-at="2019-05-14T07:34:49Z" finished-at="2019-05-14T07:35:42Z">
          <reporter-output>
          </reporter-output>
        </test-method> <!-- setup -->
        <test-method status="FAIL" signature="logintoapplication(java.lang.String, java.lang.String)[pri:0, instance:Selenium.testNgdataprovioder@1224144a]" name="logintoapplication" duration-ms="0" started-at="2019-05-14T07:35:42Z" data-provider="loginCredentials" finished-at="2019-05-14T07:35:42Z">
          <exception class="org.testng.TestNGException">
            <message>
              <![CDATA[
Method public void Selenium.testNgdataprovioder.logintoapplication(java.lang.String,java.lang.String) requires a @DataProvider named : loginCredentials]]>
            </message>
            <full-stacktrace>
              <![CDATA[org.testng.TestNGException: 
Method public void Selenium.testNgdataprovioder.logintoapplication(java.lang.String,java.lang.String) requires a @DataProvider named : loginCredentials
at org.testng.internal.Parameters.findDataProvider(Parameters.java:513)
at org.testng.internal.Parameters.handleParameters(Parameters.java:691)
at org.testng.internal.ParameterHandler.handleParameters(ParameterHandler.java:49)
at org.testng.internal.ParameterHandler.createParameters(ParameterHandler.java:37)
at org.testng.internal.Invoker.invokeTestMethods(Invoker.java:924)
at org.testng.internal.TestMethodWorker.invokeTestMethods(TestMethodWorker.java:125)
at org.testng.internal.TestMethodWorker.run(TestMethodWorker.java:109)
at org.testng.TestRunner.privateRun(TestRunner.java:648)
at org.testng.TestRunner.run(TestRunner.java:505)
at org.testng.SuiteRunner.runTest(SuiteRunner.java:455)
at org.testng.SuiteRunner.runSequentially(SuiteRunner.java:450)
at org.testng.SuiteRunner.privateRun(SuiteRunner.java:415)
at org.testng.SuiteRunner.run(SuiteRunner.java:364)
at org.testng.SuiteRunnerWorker.runSuite(SuiteRunnerWorker.java:52)
at org.testng.SuiteRunnerWorker.run(SuiteRunnerWorker.java:84)
at org.testng.TestNG.runSuitesSequentially(TestNG.java:1208)
at org.testng.TestNG.runSuitesLocally(TestNG.java:1137)
at org.testng.TestNG.runSuites(TestNG.java:1049)
at org.testng.TestNG.run(TestNG.java:1017)
at org.testng.remote.AbstractRemoteTestNG.run(AbstractRemoteTestNG.java:115)
at org.testng.remote.RemoteTestNG.initAndRun(RemoteTestNG.java:251)
at org.testng.remote.RemoteTestNG.main(RemoteTestNG.java:77)
]]>
            </full-stacktrace>
          </exception> <!-- org.testng.TestNGException -->
          <reporter-output>
          </reporter-output>
        </test-method> <!-- logintoapplication -->
      </class> <!-- Selenium.testNgdataprovioder -->
    </test> <!-- Default test -->
  </suite> <!-- Default suite -->
</testng-results>
