<?xml version="1.0" encoding="UTF-8"?>
<testng-results skipped="0" failed="0" ignored="0" total="1" passed="1">
  <reporter-output>
  </reporter-output>
  <suite name="Default suite" duration-ms="14741" started-at="2019-06-21T16:05:42Z" finished-at="2019-06-21T16:05:57Z">
    <groups>
    </groups>
    <test name="Default test" duration-ms="14741" started-at="2019-06-21T16:05:42Z" finished-at="2019-06-21T16:05:57Z">
      <class name="Homepage">
        <test-method status="PASS" signature="username_andPassword()[pri:0, instance:Homepage@39c0f4a]" name="username_andPassword" duration-ms="14712" started-at="2019-06-21T16:05:42Z" finished-at="2019-06-21T16:05:57Z">
          <reporter-output>
          </reporter-output>
        </test-method> <!-- username_andPassword -->
      </class> <!-- Homepage -->
    </test> <!-- Default test -->
  </suite> <!-- Default suite -->
</testng-results>
