<?xml version="1.0" encoding="UTF-8"?>
<!-- Generated by org.testng.reporters.JUnitXMLReporter -->
<testsuite hostname="WKWIN6900800" ignored="0" name="IE Test" tests="2" failures="0" timestamp="11 Jun 2019 08:41:32 GMT" time="0.012" errors="0">
  <testcase name="@BeforeMethod set" time="0.0" classname="com.utility.TestScreenshot">
    <failure type="java.lang.Error" message="Unresolved compilation problem: 
	The method initialization(String) in the type BaseClass is not applicable for the arguments ()
">
      <![CDATA[java.lang.Error: Unresolved compilation problem: 
The method initialization(String) in the type BaseClass is not applicable for the arguments ()

at com.utility.TestScreenshot.set(TestScreenshot.java:15)
... Removed 28 stack frames]]>
    </failure>
  </testcase> <!-- @BeforeMethod set -->
  <testcase name="@AfterMethod tearDown" time="0.0" classname="com.utility.TestScreenshot">
    <skipped/>
  </testcase> <!-- @AfterMethod tearDown -->
  <testcase name="@BeforeMethod set" time="0.0" classname="com.utility.TestScreenshot">
    <skipped/>
  </testcase> <!-- @BeforeMethod set -->
  <testcase name="@AfterMethod tearDown" time="0.0" classname="com.utility.TestScreenshot">
    <skipped/>
  </testcase> <!-- @AfterMethod tearDown -->
  <testcase name="takeScreenshot" time="0.0" classname="com.utility.TestScreenshot">
    <skipped/>
  </testcase> <!-- takeScreenshot -->
  <testcase name="takeScreenshot1" time="0.0" classname="com.utility.TestScreenshot">
    <skipped/>
  </testcase> <!-- takeScreenshot1 -->
</testsuite> <!-- IE Test -->
