<?xml version="1.0" encoding="UTF-8"?>
<testsuite xmlns:xsi="http://www.w3.org/2001/XMLSchema-instance" xsi:noNamespaceSchemaLocation="https://maven.apache.org/surefire/maven-surefire-plugin/xsd/surefire-test-report.xsd" name="runner.TestRunner" time="65.476" tests="3" errors="0" skipped="0" failures="0">
  <properties>
[...]
</properties>
  <testcase name="TC_001_Login Page:Login Validations for valid and invalid users" classname="Online Banking" time="18.851"/>
  <testcase name="TC_001_Login Page:Login Validations for valid and invalid users" classname="Online Banking" time="17.945"/>
  <testcase name="TTC_003_Transfer Funds Page: Transfer fund" classname="Online Banking" time="28.168"/>
</testsuite>