<?xml version="1.0" encoding="UTF-8"?>
<testng-results skipped="0" failed="0" ignored="0" total="1" passed="1">
  <reporter-output>
  </reporter-output>
  <suite name="Default suite" duration-ms="7438" started-at="2019-06-12T10:23:36Z" finished-at="2019-06-12T10:23:43Z">
    <groups>
    </groups>
    <test name="Default test" duration-ms="7438" started-at="2019-06-12T10:23:36Z" finished-at="2019-06-12T10:23:43Z">
      <class name="com.newtours.testcases.LogintoApplication">
        <test-method status="PASS" signature="setup()[pri:0, instance:com.newtours.testcases.LogintoApplication@6a41eaa2]" name="setup" is-config="true" duration-ms="6418" started-at="2019-06-12T10:23:36Z" finished-at="2019-06-12T10:23:42Z">
          <reporter-output>
          </reporter-output>
        </test-method> <!-- setup -->
        <test-method status="PASS" signature="Login()[pri:0, instance:com.newtours.testcases.LogintoApplication@6a41eaa2]" name="Login" duration-ms="360" started-at="2019-06-12T10:23:42Z" finished-at="2019-06-12T10:23:42Z">
          <reporter-output>
          </reporter-output>
        </test-method> <!-- Login -->
        <test-method status="PASS" signature="cleanUp()[pri:0, instance:com.newtours.testcases.LogintoApplication@6a41eaa2]" name="cleanUp" is-config="true" duration-ms="635" started-at="2019-06-12T10:23:42Z" finished-at="2019-06-12T10:23:43Z">
          <reporter-output>
          </reporter-output>
        </test-method> <!-- cleanUp -->
      </class> <!-- com.newtours.testcases.LogintoApplication -->
    </test> <!-- Default test -->
  </suite> <!-- Default suite -->
</testng-results>
