<?xml version="1.0" encoding="UTF-8"?>
<!-- Generated by org.testng.reporters.JUnitXMLReporter -->
<testsuite hostname="WKWIN6900800" ignored="0" name="Test" tests="4" failures="1" timestamp="11 Jun 2019 07:27:45 GMT" time="5.889" errors="0">
  <testcase name="testfail" time="0.006" classname="testNG.MytestcaseListner">
    <failure type="java.lang.NullPointerException">
      <![CDATA[java.lang.NullPointerException
at testNG.MytestcaseListner.testfail(MytestcaseListner.java:25)
... Removed 25 stack frames]]>
    </failure>
  </testcase> <!-- testfail -->
  <testcase name="failed" time="0.0" classname="testNG.ScreenShotTest"/>
  <testcase name="testNGListner" time="5.83" classname="testNG.MytestcaseListner"/>
  <testcase name="testdepends" time="0.0" classname="testNG.MytestcaseListner">
    <skipped/>
  </testcase> <!-- testdepends -->
</testsuite> <!-- Test -->
