<?xml version="1.0" encoding="UTF-8"?>
<testsuite xmlns:xsi="http://www.w3.org/2001/XMLSchema-instance" xsi:noNamespaceSchemaLocation="https://maven.apache.org/surefire/maven-surefire-plugin/xsd/surefire-test-report.xsd" name="runner.TestRunner" time="61.337" tests="4" errors="0" skipped="1" failures="0">
  <properties>
[...]
</properties>
  <testcase name="Login to Mercury Application" classname="Login" time="18.958"/>
  <testcase name="Login to Mercury Application" classname="Login" time="19.307"/>
  <testcase name="Invalid password to Mercury Application" classname="Login" time="15.418"/>
  <testcase name="Click on the line" classname="Login" time="0">
    <skipped message="The step &quot;user click on Link&quot; is undefined"/>
    <system-out><![CDATA[
  @FunctionalTest @SmokeTest
  Scenario: Click on the line    # /C:/WorkSpace/Mercury/src/test/resources/Features/Login.feature:28
setup
    Given user loads application # StepdefinationLoginExamples.user_loads_application()
    When user click on Link      # null
close
]]></system-out>
    <system-err><![CDATA[Starting ChromeDriver 2.36.540470 (e522d04694c7ebea4ba8821272dbef4f9b818c91) on port 8252
Only local connections are allowed.
Jun 26, 2019 3:01:19 PM org.openqa.selenium.remote.ProtocolHandshake createSession
INFO: Detected dialect: OSS
]]></system-err>
  </testcase>
</testsuite>