<?xml version="1.0" encoding="UTF-8"?>
<!-- Generated by org.testng.reporters.JUnitXMLReporter -->
<testsuite hostname="WKWIN6900800" ignored="0" name="Default test" tests="2" failures="0" timestamp="14 Jun 2019 10:00:20 GMT" time="38.21" errors="0">
  <testcase name="validlogin" time="17.993" classname="com.online.banking.testcases.LoginPagevalidation"/>
  <testcase name="invalidLogin" time="5.81" classname="com.online.banking.testcases.LoginPagevalidation"/>
</testsuite> <!-- Default test -->
