<?xml version="1.0" encoding="UTF-8"?>
<testng-results skipped="0" failed="0" ignored="0" total="1" passed="1">
  <reporter-output>
  </reporter-output>
  <suite name="Default suite" duration-ms="4677" started-at="2019-06-10T10:39:44Z" finished-at="2019-06-10T10:39:48Z">
    <groups>
    </groups>
    <test name="Default test" duration-ms="4677" started-at="2019-06-10T10:39:44Z" finished-at="2019-06-10T10:39:48Z">
      <class name="qurate.selenium.VerifyPageTitle">
        <test-method status="PASS" signature="pagetitle()[pri:0, instance:qurate.selenium.VerifyPageTitle@4883b407]" name="pagetitle" duration-ms="4655" started-at="2019-06-10T10:39:44Z" finished-at="2019-06-10T10:39:48Z">
          <reporter-output>
          </reporter-output>
        </test-method> <!-- pagetitle -->
      </class> <!-- qurate.selenium.VerifyPageTitle -->
    </test> <!-- Default test -->
  </suite> <!-- Default suite -->
</testng-results>
